
###############################################################################
###############################################################################
                      CmdrX.exe Assembly Version 1.0.0.2                       
###############################################################################
                  Execution Job Group: CmdrXCmds.xml Commands                  
                         Starting Execution of 9 Jobs.                         
              Started Job Run: Thursday, 2015-11-05 14:52:31.783               
###############################################################################
###############################################################################



===============================================================================
===============================================================================
                        CmdrX Assembly Version 1.0.0.2                         
                              Starting Job No: 1                               
-------------------------------------------------------------------------------
                           Job Name: jspm dl-loader                            
Started Job: Thursday, November 5, 2015 2:52:31 PM
-------------------------------------------------------------------------------
Process StartInfo FileName: cmd.exe
Process StartInfo Arguments: 
     /c jspm dl-loader --edge
-------------------------------------------------------------------------------



-------------------------------------------------------------------------------
                         Job Completed: jspm dl-loader                         
-------------------------------------------------------------------------------
Job       Number: 1
Job   Start Time: Thursday, 2015-11-05 14:52:31.788
Job     End Time: Thursday, 2015-11-05 14:52:36.156
Job Elapsed Time: 00 Hours  00 Minutes  04 Seconds  368 Milliseconds
Job    Exit Code: 0
===============================================================================
===============================================================================


===============================================================================
===============================================================================
                        CmdrX Assembly Version 1.0.0.2                         
                              Starting Job No: 2                               
-------------------------------------------------------------------------------
                       Job Name: jspm install typescript                       
Started Job: Thursday, November 5, 2015 2:52:36 PM
-------------------------------------------------------------------------------
Process StartInfo FileName: cmd.exe
Process StartInfo Arguments: 
     /c jspm install typescript
-------------------------------------------------------------------------------



-------------------------------------------------------------------------------
                    Job Completed: jspm install typescript                     
-------------------------------------------------------------------------------
Job       Number: 2
Job   Start Time: Thursday, 2015-11-05 14:52:36.158
Job     End Time: Thursday, 2015-11-05 14:52:38.641
Job Elapsed Time: 00 Hours  00 Minutes  02 Seconds  482 Milliseconds
Job    Exit Code: 0
===============================================================================
===============================================================================


===============================================================================
===============================================================================
                        CmdrX Assembly Version 1.0.0.2                         
                              Starting Job No: 3                               
-------------------------------------------------------------------------------
                           Job Name: tsc initialize                            
Started Job: Thursday, November 5, 2015 2:52:38 PM
-------------------------------------------------------------------------------
Process StartInfo FileName: cmd.exe
Process StartInfo Arguments: 
     /c tsc --init
-------------------------------------------------------------------------------



-------------------------------------------------------------------------------
                         Job Completed: tsc initialize                         
-------------------------------------------------------------------------------
Job       Number: 3
Job   Start Time: Thursday, 2015-11-05 14:52:38.641
Job     End Time: Thursday, 2015-11-05 14:52:39.096
Job Elapsed Time: 00 Hours  00 Minutes  00 Seconds  454 Milliseconds
Job    Exit Code: 0
===============================================================================
===============================================================================


===============================================================================
===============================================================================
                        CmdrX Assembly Version 1.0.0.2                         
                              Starting Job No: 4                               
-------------------------------------------------------------------------------
                          Job Name: jspm install tsd                           
Started Job: Thursday, November 5, 2015 2:52:39 PM
-------------------------------------------------------------------------------
Process StartInfo FileName: cmd.exe
Process StartInfo Arguments: 
     /c jspm install npm:tsd
-------------------------------------------------------------------------------



-------------------------------------------------------------------------------
                        Job Completed: jspm install tsd                        
-------------------------------------------------------------------------------
Job       Number: 4
Job   Start Time: Thursday, 2015-11-05 14:52:39.096
Job     End Time: Thursday, 2015-11-05 14:52:54.971
Job Elapsed Time: 00 Hours  00 Minutes  15 Seconds  875 Milliseconds
Job    Exit Code: 0
===============================================================================
===============================================================================


===============================================================================
===============================================================================
                        CmdrX Assembly Version 1.0.0.2                         
                              Starting Job No: 5                               
-------------------------------------------------------------------------------
                           Job Name: tsd initialize                            
Started Job: Thursday, November 5, 2015 2:52:54 PM
-------------------------------------------------------------------------------
Process StartInfo FileName: cmd.exe
Process StartInfo Arguments: 
     /c tsd init
-------------------------------------------------------------------------------



-------------------------------------------------------------------------------
                         Job Completed: tsd initialize                         
-------------------------------------------------------------------------------
Job       Number: 5
Job   Start Time: Thursday, 2015-11-05 14:52:54.972
Job     End Time: Thursday, 2015-11-05 14:52:56.999
Job Elapsed Time: 00 Hours  00 Minutes  02 Seconds  027 Milliseconds
Job    Exit Code: 0
===============================================================================
===============================================================================


===============================================================================
===============================================================================
                        CmdrX Assembly Version 1.0.0.2                         
                              Starting Job No: 6                               
-------------------------------------------------------------------------------
                        Job Name: jspm install Angular2                        
Started Job: Thursday, November 5, 2015 2:52:56 PM
-------------------------------------------------------------------------------
Process StartInfo FileName: cmd.exe
Process StartInfo Arguments: 
     /c jspm install angular2 reflect-metadata zone.js es6-shim
-------------------------------------------------------------------------------



-------------------------------------------------------------------------------
                     Job Completed: jspm install Angular2                      
-------------------------------------------------------------------------------
Job       Number: 6
Job   Start Time: Thursday, 2015-11-05 14:52:56.999
Job     End Time: Thursday, 2015-11-05 14:53:06.994
Job Elapsed Time: 00 Hours  00 Minutes  09 Seconds  995 Milliseconds
Job    Exit Code: 0
===============================================================================
===============================================================================


===============================================================================
===============================================================================
                        CmdrX Assembly Version 1.0.0.2                         
                              Starting Job No: 7                               
-------------------------------------------------------------------------------
                         Job Name: jspm install jquery                         
Started Job: Thursday, November 5, 2015 2:53:06 PM
-------------------------------------------------------------------------------
Process StartInfo FileName: cmd.exe
Process StartInfo Arguments: 
     /c jspm install jquery
-------------------------------------------------------------------------------



-------------------------------------------------------------------------------
                      Job Completed: jspm install jquery                       
-------------------------------------------------------------------------------
Job       Number: 7
Job   Start Time: Thursday, 2015-11-05 14:53:06.995
Job     End Time: Thursday, 2015-11-05 14:53:10.921
Job Elapsed Time: 00 Hours  00 Minutes  03 Seconds  926 Milliseconds
Job    Exit Code: 0
===============================================================================
===============================================================================


===============================================================================
===============================================================================
                        CmdrX Assembly Version 1.0.0.2                         
                              Starting Job No: 8                               
-------------------------------------------------------------------------------
                         Job Name: jspm install lodash                         
Started Job: Thursday, November 5, 2015 2:53:10 PM
-------------------------------------------------------------------------------
Process StartInfo FileName: cmd.exe
Process StartInfo Arguments: 
     /c jspm install lodash
-------------------------------------------------------------------------------



-------------------------------------------------------------------------------
                      Job Completed: jspm install lodash                       
-------------------------------------------------------------------------------
Job       Number: 8
Job   Start Time: Thursday, 2015-11-05 14:53:10.921
Job     End Time: Thursday, 2015-11-05 14:53:17.210
Job Elapsed Time: 00 Hours  00 Minutes  06 Seconds  288 Milliseconds
Job    Exit Code: 0
===============================================================================
===============================================================================


===============================================================================
===============================================================================
                        CmdrX Assembly Version 1.0.0.2                         
                              Starting Job No: 9                               
-------------------------------------------------------------------------------
                       Job Name: jspm install bootstrap                        
Started Job: Thursday, November 5, 2015 2:53:17 PM
-------------------------------------------------------------------------------
Process StartInfo FileName: cmd.exe
Process StartInfo Arguments: 
     /c jspm install bootstrap
-------------------------------------------------------------------------------



-------------------------------------------------------------------------------
                     Job Completed: jspm install bootstrap                     
-------------------------------------------------------------------------------
Job       Number: 9
Job   Start Time: Thursday, 2015-11-05 14:53:17.210
Job     End Time: Thursday, 2015-11-05 14:53:22.472
Job Elapsed Time: 00 Hours  00 Minutes  05 Seconds  261 Milliseconds
Job    Exit Code: 0
===============================================================================
===============================================================================



###############################################################################
###############################################################################
                      CmdrX.exe Assembly Version 1.0.0.2                       
###############################################################################
                  Execution Job Group: CmdrXCmds.xml Commands                  
###############################################################################
Completed Execution of 8 Jobs.
Number of messages logged: 0 
*******************************************************************************
JobGroup   Start Time: 2015-11-05 14:52:31.783
JobGroup     End Time: 2015-11-05 14:53:22.475
JobGroup Elapsed Time: 00 Hours  00 Minutes  50 Seconds  692 Milliseconds
*******************************************************************************

