################################################################################
################################################################################
                      App Name: CmdrX  AppVersion: 2.0.0 
################################################################################
                 Execution Job Group Command File: CmdrX.xml 
                        Starting Execution of 37 Jobs. 
================================================================================
  Job Group Start Time UTC: Monday January 1, 0001 00:00:00.000000000 +0000 UTC 
Job Group Start Time Local: Thursday November 30, 2017 23:57:37.889878900 -0600 CST 
 Job Group Local Time Zone:  
================================================================================

********************************************************************************

  Initial Application Path: 
    
********************************************************************************

  This Log File:
    D:\go\work\src\go_cmdrX\src\common\CmdrX\CmdrX_20171130235737.log
********************************************************************************

  Base Start Directory:
    D:\go\work\src\go_cmdrX\src\common
********************************************************************************

================================================================================
  Number Of Old Log Files Deleted: 0 
################################################################################
################################################################################
